<?xml version="1.0" encoding="UTF-8"?>
<!-- Generated by org.testng.reporters.JUnitXMLReporter -->
<testsuite ignored="0" hostname="DESKTOP-4SFDEUC" failures="0" tests="0" time="0.012" errors="0" timestamp="2023-07-27T10:55:07 IST">
  <testcase classname="K_test.BaseTest" name="@AfterTest terminate" time="0.0">
    <failure type="java.lang.NullPointerException" message="Cannot invoke &amp;quot;org.openqa.selenium.WebDriver.quit()&amp;quot; because &amp;quot;this.driver&amp;quot; is null">
      <![CDATA[java.lang.NullPointerException: Cannot invoke "org.openqa.selenium.WebDriver.quit()" because "this.driver" is null
at K_test.BaseTest.terminate(BaseTest.java:28)
... Removed 24 stack frames]]>
    </failure>
  </testcase> <!-- @AfterTest terminate -->
</testsuite>
