<?xml version="1.0" encoding="UTF-8"?>
<!-- Generated by org.testng.reporters.JUnitXMLReporter -->
<testsuite ignored="0" hostname="DESKTOP-4SFDEUC" failures="1" tests="2" name="Product Test" time="27.369" errors="0" timestamp="2023-07-28T01:12:10 IST">
  <testcase classname="K_test.ProductTest" name="@AfterTest terminate" time="0.0">
    <failure type="java.lang.NullPointerException" message="Cannot invoke &amp;quot;org.openqa.selenium.WebDriver.quit()&amp;quot; because &amp;quot;this.driver&amp;quot; is null">
      <![CDATA[java.lang.NullPointerException: Cannot invoke "org.openqa.selenium.WebDriver.quit()" because "this.driver" is null
at K_test.ProductTest.terminate(ProductTest.java:54)
... Removed 24 stack frames]]>
    </failure>
  </testcase> <!-- @AfterTest terminate -->
  <testcase classname="K_test.LoginTest" name="testLogin" time="17.752"/>
  <testcase classname="K_test.ProductTest" name="testProductPage" time="0.006">
    <failure type="java.lang.NullPointerException" message="Cannot invoke &amp;quot;org.openqa.selenium.WebDriver.findElement(org.openqa.selenium.By)&amp;quot; because &amp;quot;this.driver&amp;quot; is null">
      <![CDATA[java.lang.NullPointerException: Cannot invoke "org.openqa.selenium.WebDriver.findElement(org.openqa.selenium.By)" because "this.driver" is null
at K_page.ProductPage.hower1(ProductPage.java:34)
at K_test.ProductTest.testProductPage(ProductTest.java:24)
at java.base/java.util.ArrayList.forEach(ArrayList.java:1511)
... Removed 27 stack frames]]>
    </failure>
  </testcase> <!-- testProductPage -->
</testsuite> <!-- Product Test -->
